<?xml version="1.0" encoding="UTF-8"?>
<testng-results ignored="0" total="1" passed="1" failed="0" skipped="0">
  <reporter-output>
  </reporter-output>
  <suite started-at="2023-06-30T11:06:54 EDT" name="Default suite" finished-at="2023-06-30T11:07:05 EDT" duration-ms="10894">
    <groups>
    </groups>
    <test started-at="2023-06-30T11:06:54 EDT" name="Default test" finished-at="2023-06-30T11:07:05 EDT" duration-ms="10894">
      <class name="WikipediaSearch">
        <test-method signature="verifyWikipediaPage()[pri:0, instance:WikipediaSearch@31368b99]" started-at="2023-06-30T11:06:54 EDT" name="verifyWikipediaPage" finished-at="2023-06-30T11:07:05 EDT" duration-ms="10867" status="PASS">
          <reporter-output>
          </reporter-output>
        </test-method> <!-- verifyWikipediaPage -->
      </class> <!-- WikipediaSearch -->
    </test> <!-- Default test -->
  </suite> <!-- Default suite -->
</testng-results>
